FMOD: SystemI::init                  : FMOD Ex Version: 00044417
FMOD: SystemI::init                  : maxchannels = 32, flags = 00000000, extradriverdata = 00000000
FMOD: SystemI::close                 : 
FMOD: SystemI::close                 : Stop all sounds
FMOD: SystemI::close                 : Remove miscllaneous DSP stuff.
FMOD: SystemI::close                 : done.

FMOD: OutputWASAPI::enumerate        : Enumerating...
FMOD: OutputWASAPI::enumerate        : Initialise COM library.
FMOD: OutputWASAPI::enumerate        : Found Driver: "Speakers (Realtek High Definition Audio)".
FMOD: OutputWASAPI::enumerate        : Found Driver: "Digital Audio Interface (WinTV HVR-950q USB Audio Device)".
FMOD: OutputWASAPI::enumerate        : Done.
FMOD: OutputWASAPI::initEx           : Initialising...
FMOD: OutputWASAPI::initEx           : Done.
FMOD: SystemI::init                  : Set up software engine
FMOD: Thread::initThread             : Initializing FMOD (WASAPI) feeder thread.  priority 0
FMOD: Thread::initThread             : - Stacksize 0.  Stack pointer 00000000 : usesemaphore = 0 : sleeptime = 0
FMOD: Thread::callback               : * FMOD (WASAPI) feeder thread started
FMOD: Thread::initThread             : done.
FMOD: OutputWASAPI::feederUpdate     : WASAPI feeder thread set to 'Audio' characteristic
FMOD: Thread::initThread             : Initializing FMOD mixer thread.  priority 2
FMOD: Thread::initThread             : - Stacksize 49152.  Stack pointer 00000000 : usesemaphore = 1 : sleeptime = 0
FMOD: Thread::callback               : * FMOD mixer thread started
FMOD: Thread::initThread             : done.
FMOD: SystemI::init                  : Set up emulated output
FMOD: SystemI::init                  : create the channel pool
FMOD: SystemI::init                  : Set up streamer
FMOD: Thread::initThread             : Initializing FMOD stream thread.  priority 2
FMOD: Thread::initThread             : - Stacksize 49152.  Stack pointer 00000000 : usesemaphore = 0 : sleeptime = 10
FMOD: Thread::callback               : * FMOD stream thread started
FMOD: Thread::initThread             : done.
FMOD: SystemI::init                  : done

FMOD: SystemI::createSoundInternal   : filename = D:\MP3s\Bought On Amazon\[Audioslave] - Doesnt_Remind_Me.mp3 : mode 000000a0
FMOD: SystemI::createSoundInternal   : 21 codecs found.  Scan all until one succeeds
FMOD: CodecTag::openInternal         : attempting to open ID3 or ASF tags..
FMOD: Codec::release                 : 
FMOD: Plugin::release                : (096021B0)
FMOD: Plugin::release                : done
FMOD: Codec::release                 : done
FMOD: CodecCDDA::openInternal        : attempting to open as CDDA..
FMOD: Codec::release                 : 
FMOD: Plugin::release                : (09668F40)
FMOD: Plugin::release                : done
FMOD: Codec::release                 : done
FMOD: CodecFSB5::openInternal        : attempting to open as FSB5..
FMOD: CodecFSB5::headerReadCheck     : Header check failed. Not an FSB5
FMOD: Codec::release                 : 
FMOD: CodecFSB5::closeInternal       : 
FMOD: CodecFSB5::closeInternal       : done
FMOD: Plugin::release                : (09668F40)
FMOD: Plugin::release                : done
FMOD: Codec::release                 : done
FMOD: CodecFSB::openInternal         : attempting to open as FSB..
FMOD: CodecFSB::openInternal         : Header check failed.  Not an FSB
FMOD: Codec::release                 : 
FMOD: CodecFSB::closeInternal        : 
FMOD: CodecFSB::closeInternal        : done
FMOD: Plugin::release                : (09668F40)
FMOD: Plugin::release                : done
FMOD: Codec::release                 : done
FMOD: CodecVAG::openInternal         : attempting to open as VAG..
FMOD: CodecVAG::openInternal         : 'VAG' ID check failed [ˇ˚–]
FMOD: Codec::release                 : 
FMOD: Plugin::release                : (09668F40)
FMOD: Plugin::release                : done
FMOD: Codec::release                 : done
FMOD: CodecWav::openInternal         : attempting to open as WAV..
FMOD: Codec::release                 : 
FMOD: Plugin::release                : (09668F40)
FMOD: Plugin::release                : done
FMOD: Codec::release                 : done
FMOD: CodecOggVorbis::openInternal   : attempting to open as OGG..
FMOD: CodecOggVorbis::openInternal   : failed to open as ogg
FMOD: Codec::release                 : 
FMOD: Plugin::release                : (09668F40)
FMOD: Plugin::release                : done
FMOD: Codec::release                 : done
FMOD: CodecAIFF::openInternal        : attempting to open as AIFF..
FMOD: Codec::release                 : 
FMOD: Plugin::release                : (09668F40)
FMOD: Plugin::release                : done
FMOD: Codec::release                 : done
FMOD: CodecFLAC::openInternal        : attempting to open as FLAC..
FMOD: Codec::release                 : 
FMOD: Plugin::release                : (09668F40)
FMOD: Plugin::release                : done
FMOD: Codec::release                 : done
FMOD: CodecMOD::openInternal         : attempting to open as MOD..
FMOD: CodecMOD::openInternal         : 'M.K.' etc ID check failed [s5
]
FMOD: Codec::release                 : 
FMOD: Plugin::release                : (09668F40)
FMOD: Plugin::release                : done
FMOD: Codec::release                 : done
FMOD: CodecS3M::openInternal         : attempting to open as S3M..
FMOD: CodecS3M::openInternal         : 'SCRM' ID check failed [	¬¨]
FMOD: Codec::release                 : 
FMOD: Plugin::release                : (09668F40)
FMOD: Plugin::release                : done
FMOD: Codec::release                 : done
FMOD: CodecXM::openInternal          : attempting to open as XM..
FMOD: CodecXM::openInternal          : 'Extended Module: ' ID check failed [ˇ˚–FMOD: Codec::release                 : 
FMOD: CodecXM::closeInternal         : 3585
FMOD: CodecXM::closeInternal         : done
FMOD: Plugin::release                : (09668F40)
FMOD: Plugin::release                : done
FMOD: Codec::release                 : done
FMOD: CodecIT::openInternal          : attempting to open as IT..
FMOD: CodecIT::openInternal          : 'IMPM' etc ID check failed [ˇ˚–FMOD: Codec::release                 : 
FMOD: Plugin::release                : (09668F40)
FMOD: Plugin::release                : done
FMOD: Codec::release                 : done
FMOD: CodecMIDI::openInternal        : attempting to open as MIDI..
FMOD: CodecMIDI::openInternal        : 'HThd' ID check failed [ˇ˚–FMOD: Codec::release                 : 
FMOD: Plugin::release                : (09668F40)
FMOD: Plugin::release                : done
FMOD: Codec::release                 : done
FMOD: CodecDLS::openInternal         : attempting to open as DLS..
FMOD: Codec::release                 : 
FMOD: Plugin::release                : (09668F40)
FMOD: Plugin::release                : done
FMOD: Codec::release                 : done
FMOD: CodecASF::openInternal         : attempting to open as ASF..
FMOD: Codec::release                 : 
FMOD: Plugin::release                : (09668F40)
FMOD: Plugin::release                : done
FMOD: Codec::release                 : done
FMOD: CodecMPEG::openInternal        : attempting to open as MPEG..
FMOD: SystemI::createSoundInternal   : Format has 0 subsounds.
FMOD: SystemI::createSoundInternal   : Create as FMOD_CREATESTREAM
FMOD: System::createSoundInternal    : decode buffersize = 17280 : blocksize = 1152 : format = 2
FMOD: SystemI::createSample          : mode 000000c2 length 17280 samples, lengthbytes 8162998
FMOD: SystemI::createSample          : subsamples = 1, channels = 2
FMOD: SystemI::createSample          : subsample 0.  output = 02C7EE28
FMOD: SystemI::createSample          : mSoftware = 02C7EE28
FMOD: OutputSoftware::createSample   : lengthpcm 17280, lengthbytes 8162998, channels 2, format 2, freq 44100, mode 000000ca
FMOD: OutputSoftware::createSample   : done
FMOD: SystemI::createSample          : done
FMOD: System::createSoundInternal    : Seek stream to start
FMOD: System::createSoundInternal    : flush stream buffer
FMOD: System::createSoundInternal    : flush successful.
FMOD: System::createSoundInternal    : switch file handle from small blocking single buffered to large nonblocking doublebuffered.
FMOD: Thread::initThread             :     Initializing FMOD file thread.  priority 1
FMOD: Thread::initThread             :     - Stacksize 8192.  Stack pointer 00000000 : usesemaphore = 0 : sleeptime = 10
FMOD: Thread::callback               :     * FMOD file thread started
FMOD: Thread::initThread             :     done.
FMOD: SystemI::createSoundInternal   : No name found in file, use filename.
FMOD: SystemI::createSoundInternal   : done.  OpenState now = FMOD_OPENSTATE_READY.

FMOD: SoundI::release                : Doesn't Remind Me (0966A410)
FMOD: SoundI::release                : remove stream samples. (0966A410)
FMOD: SoundI::release                :      (0966A5A0)
FMOD: SoundI::release                :     free this. (0966A5A0)
FMOD: SoundI::release                :     done (0966A5A0)
FMOD: SoundI::release                : release codec. (0966A410)
FMOD: Codec::release                 : 
FMOD: Codec::release                 : Close file (mFile = 0964D988)
FMOD: Plugin::release                : (09668F40)
FMOD: Plugin::release                : done
FMOD: Codec::release                 : done
FMOD: SoundI::release                : free this. (0966A410)
FMOD: SoundI::release                : done (0966A410)
FMOD: SystemI::createSoundInternal   : filename = D:\MP3s\Ripped\Them Crooked Vultures\Them Crooked Vultures\Them Crooked Vultures-Scumbag Blues.wma : mode 000000a0
FMOD: SystemI::createSoundInternal   : 21 codecs found.  Scan all until one succeeds
FMOD: CodecTag::openInternal         : attempting to open ID3 or ASF tags..
FMOD: Codec::release                 : 
FMOD: Plugin::release                : (096021B0)
FMOD: Plugin::release                : done
FMOD: Codec::release                 : done
FMOD: CodecCDDA::openInternal        : attempting to open as CDDA..
FMOD: Codec::release                 : 
FMOD: Plugin::release                : (09688B70)
FMOD: Plugin::release                : done
FMOD: Codec::release                 : done
FMOD: CodecFSB5::openInternal        : attempting to open as FSB5..
FMOD: CodecFSB5::headerReadCheck     : Header check failed. Not an FSB5
FMOD: Codec::release                 : 
FMOD: CodecFSB5::closeInternal       : 
FMOD: CodecFSB5::closeInternal       : done
FMOD: Plugin::release                : (09688B70)
FMOD: Plugin::release                : done
FMOD: Codec::release                 : done
FMOD: CodecFSB::openInternal         : attempting to open as FSB..
FMOD: CodecFSB::openInternal         : Header check failed.  Not an FSB
FMOD: Codec::release                 : 
FMOD: CodecFSB::closeInternal        : 
FMOD: CodecFSB::closeInternal        : done
FMOD: Plugin::release                : (09688B70)
FMOD: Plugin::release                : done
FMOD: Codec::release                 : done
FMOD: CodecVAG::openInternal         : attempting to open as VAG..
FMOD: CodecVAG::openInternal         : 'VAG' ID check failed [0&≤]
FMOD: Codec::release                 : 
FMOD: Plugin::release                : (09688B70)
FMOD: Plugin::release                : done
FMOD: Codec::release                 : done
FMOD: CodecWav::openInternal         : attempting to open as WAV..
FMOD: Codec::release                 : 
FMOD: Plugin::release                : (09688B70)
FMOD: Plugin::release                : done
FMOD: Codec::release                 : done
FMOD: CodecOggVorbis::openInternal   : attempting to open as OGG..
FMOD: CodecOggVorbis::openInternal   : failed to open as ogg
FMOD: Codec::release                 : 
FMOD: Plugin::release                : (09688B70)
FMOD: Plugin::release                : done
FMOD: Codec::release                 : done
FMOD: CodecAIFF::openInternal        : attempting to open as AIFF..
FMOD: Codec::release                 : 
FMOD: Plugin::release                : (09688B70)
FMOD: Plugin::release                : done
FMOD: Codec::release                 : done
FMOD: CodecFLAC::openInternal        : attempting to open as FLAC..
FMOD: Codec::release                 : 
FMOD: Plugin::release                : (09688B70)
FMOD: Plugin::release                : done
FMOD: Codec::release                 : done
FMOD: CodecMOD::openInternal         : attempting to open as MOD..
FMOD: CodecMOD::openInternal         : 'M.K.' etc ID check failed [5FMOD: Codec::release                 : 
FMOD: Plugin::release                : (09688B70)
FMOD: Plugin::release                : done
FMOD: Codec::release                 : done
FMOD: CodecS3M::openInternal         : attempting to open as S3M..
FMOD: CodecS3M::openInternal         : 'SCRM' ID check failed [ŒljFMOD: Codec::release                 : 
FMOD: Plugin::release                : (09688B70)
FMOD: Plugin::release                : done
FMOD: Codec::release                 : done
FMOD: CodecXM::openInternal          : attempting to open as XM..
FMOD: CodecXM::openInternal          : 'Extended Module: ' ID check failed [0&≤u]
FMOD: Codec::release                 : 
FMOD: CodecXM::closeInternal         : 3585
FMOD: CodecXM::closeInternal         : done
FMOD: Plugin::release                : (09688B70)
FMOD: Plugin::release                : done
FMOD: Codec::release                 : done
FMOD: CodecIT::openInternal          : attempting to open as IT..
FMOD: CodecIT::openInternal          : 'IMPM' etc ID check failed [0&≤u]
FMOD: Codec::release                 : 
FMOD: Plugin::release                : (0964E018)
FMOD: Plugin::release                : done
FMOD: Codec::release                 : done
FMOD: CodecMIDI::openInternal        : attempting to open as MIDI..
FMOD: CodecMIDI::openInternal        : 'HThd' ID check failed [0&≤u]
FMOD: Codec::release                 : 
FMOD: Plugin::release                : (0964E018)
FMOD: Plugin::release                : done
FMOD: Codec::release                 : done
FMOD: CodecDLS::openInternal         : attempting to open as DLS..
FMOD: Codec::release                 : 
FMOD: Plugin::release                : (09688B70)
FMOD: Plugin::release                : done
FMOD: Codec::release                 : done
FMOD: CodecASF::openInternal         : attempting to open as ASF..
FMOD: SystemI::createSoundInternal   : Format has 0 subsounds.
FMOD: SystemI::createSoundInternal   : Create as FMOD_CREATESTREAM
FMOD: System::createSoundInternal    : decode buffersize = 17408 : blocksize = 256 : format = 2
FMOD: SystemI::createSample          : mode 000000c2 length 17408 samples, lengthbytes 4308555
FMOD: SystemI::createSample          : subsamples = 1, channels = 2
FMOD: SystemI::createSample          : subsample 0.  output = 02C7EE28
FMOD: SystemI::createSample          : mSoftware = 02C7EE28
FMOD: OutputSoftware::createSample   : lengthpcm 17408, lengthbytes 4308555, channels 2, format 2, freq 44100, mode 000000ca
FMOD: OutputSoftware::createSample   : done
FMOD: SystemI::createSample          : done
FMOD: System::createSoundInternal    : Seek stream to start
FMOD: System::createSoundInternal    : flush stream buffer
FMOD: System::createSoundInternal    : flush successful.
FMOD: System::createSoundInternal    : switch file handle from small blocking single buffered to large nonblocking doublebuffered.
FMOD: SystemI::createSoundInternal   : No name found in file, use filename.
FMOD: SystemI::createSoundInternal   : done.  OpenState now = FMOD_OPENSTATE_READY.

FMOD: SoundI::release                : Scumbag Blues (09688E18)
FMOD: SoundI::release                : remove stream samples. (09688E18)
FMOD: SoundI::release                :      (096890C8)
FMOD: SoundI::release                :     free this. (096890C8)
FMOD: SoundI::release                :     done (096890C8)
FMOD: SoundI::release                : release codec. (09688E18)
FMOD: Codec::release                 : 
FMOD: CodecWAV::release              : Free PCM Buffer
FMOD: Codec::release                 : Close file (mFile = 0964D988)
FMOD: Plugin::release                : (09688B70)
FMOD: Plugin::release                : done
FMOD: Codec::release                 : done
FMOD: SoundI::release                : free this. (09688E18)
FMOD: SoundI::release                : done (09688E18)
FMOD: SystemI::createSoundInternal   : filename = D:\MP3s\Ripped\Frightened Rabbit\Pedestrian Verse\09 State Hospital.mp3 : mode 000000a0
FMOD: SystemI::createSoundInternal   : 21 codecs found.  Scan all until one succeeds
FMOD: CodecTag::openInternal         : attempting to open ID3 or ASF tags..
FMOD: Codec::release                 : 
FMOD: Plugin::release                : (096021B0)
FMOD: Plugin::release                : done
FMOD: Codec::release                 : done
FMOD: CodecCDDA::openInternal        : attempting to open as CDDA..
FMOD: Codec::release                 : 
FMOD: Plugin::release                : (09688E60)
FMOD: Plugin::release                : done
FMOD: Codec::release                 : done
FMOD: CodecFSB5::openInternal        : attempting to open as FSB5..
FMOD: CodecFSB5::headerReadCheck     : Header check failed. Not an FSB5
FMOD: Codec::release                 : 
FMOD: CodecFSB5::closeInternal       : 
FMOD: CodecFSB5::closeInternal       : done
FMOD: Plugin::release                : (09688E60)
FMOD: Plugin::release                : done
FMOD: Codec::release                 : done
FMOD: CodecFSB::openInternal         : attempting to open as FSB..
FMOD: CodecFSB::openInternal         : Header check failed.  Not an FSB
FMOD: Codec::release                 : 
FMOD: CodecFSB::closeInternal        : 
FMOD: CodecFSB::closeInternal        : done
FMOD: Plugin::release                : (09688E60)
FMOD: Plugin::release                : done
FMOD: Codec::release                 : done
FMOD: CodecVAG::openInternal         : attempting to open as VAG..
FMOD: CodecVAG::openInternal         : 'VAG' ID check failed [ˇ˚–]
FMOD: Codec::release                 : 
FMOD: Plugin::release                : (09688E60)
FMOD: Plugin::release                : done
FMOD: Codec::release                 : done
FMOD: CodecWav::openInternal         : attempting to open as WAV..
FMOD: Codec::release                 : 
FMOD: Plugin::release                : (09688E60)
FMOD: Plugin::release                : done
FMOD: Codec::release                 : done
FMOD: CodecOggVorbis::openInternal   : attempting to open as OGG..
FMOD: CodecOggVorbis::openInternal   : failed to open as ogg
FMOD: Codec::release                 : 
FMOD: Plugin::release                : (09688E60)
FMOD: Plugin::release                : done
FMOD: Codec::release                 : done
FMOD: CodecAIFF::openInternal        : attempting to open as AIFF..
FMOD: Codec::release                 : 
FMOD: Plugin::release                : (09688E60)
FMOD: Plugin::release                : done
FMOD: Codec::release                 : done
FMOD: CodecFLAC::openInternal        : attempting to open as FLAC..
FMOD: Codec::release                 : 
FMOD: Plugin::release                : (09688E60)
FMOD: Plugin::release                : done
FMOD: Codec::release                 : done
FMOD: CodecMOD::openInternal         : attempting to open as MOD..
FMOD: CodecMOD::openInternal         : 'M.K.' etc ID check failed [ˇˇˇˇ]
FMOD: Codec::release                 : 
FMOD: Plugin::release                : (09688E60)
FMOD: Plugin::release                : done
FMOD: Codec::release                 : done
FMOD: CodecS3M::openInternal         : attempting to open as S3M..
FMOD: CodecS3M::openInternal         : 'SCRM' ID check failed [ˇˇˇˇ]
FMOD: Codec::release                 : 
FMOD: Plugin::release                : (09688E60)
FMOD: Plugin::release                : done
FMOD: Codec::release                 : done
FMOD: CodecXM::openInternal          : attempting to open as XM..
FMOD: CodecXM::openInternal          : 'Extended Module: ' ID check failed [ˇ˚–@]
FMOD: Codec::release                 : 
FMOD: CodecXM::closeInternal         : 3585
FMOD: CodecXM::closeInternal         : done
FMOD: Plugin::release                : (09688E60)
FMOD: Plugin::release                : done
FMOD: Codec::release                 : done
FMOD: CodecIT::openInternal          : attempting to open as IT..
FMOD: CodecIT::openInternal          : 'IMPM' etc ID check failed [ˇ˚–@]
FMOD: Codec::release                 : 
FMOD: Plugin::release                : (0964E018)
FMOD: Plugin::release                : done
FMOD: Codec::release                 : done
FMOD: CodecMIDI::openInternal        : attempting to open as MIDI..
FMOD: CodecMIDI::openInternal        : 'HThd' ID check failed [ˇ˚–@]
FMOD: Codec::release                 : 
FMOD: Plugin::release                : (0964E018)
FMOD: Plugin::release                : done
FMOD: Codec::release                 : done
FMOD: CodecDLS::openInternal         : attempting to open as DLS..
FMOD: Codec::release                 : 
FMOD: Plugin::release                : (09688E60)
FMOD: Plugin::release                : done
FMOD: Codec::release                 : done
FMOD: CodecASF::openInternal         : attempting to open as ASF..
FMOD: Codec::release                 : 
FMOD: Plugin::release                : (09688E60)
FMOD: Plugin::release                : done
FMOD: Codec::release                 : done
FMOD: CodecMPEG::openInternal        : attempting to open as MPEG..
FMOD: SystemI::createSoundInternal   : Format has 0 subsounds.
FMOD: SystemI::createSoundInternal   : Create as FMOD_CREATESTREAM
FMOD: System::createSoundInternal    : decode buffersize = 17280 : blocksize = 1152 : format = 2
FMOD: SystemI::createSample          : mode 000000c2 length 17280 samples, lengthbytes 8865323
FMOD: SystemI::createSample          : subsamples = 1, channels = 2
FMOD: SystemI::createSample          : subsample 0.  output = 02C7EE28
FMOD: SystemI::createSample          : mSoftware = 02C7EE28
FMOD: OutputSoftware::createSample   : lengthpcm 17280, lengthbytes 8865323, channels 2, format 2, freq 44100, mode 000000ca
FMOD: OutputSoftware::createSample   : done
FMOD: SystemI::createSample          : done
FMOD: System::createSoundInternal    : Seek stream to start
FMOD: System::createSoundInternal    : flush stream buffer
FMOD: System::createSoundInternal    : flush successful.
FMOD: System::createSoundInternal    : switch file handle from small blocking single buffered to large nonblocking doublebuffered.
FMOD: SystemI::createSoundInternal   : No name found in file, use filename.
FMOD: SystemI::createSoundInternal   : done.  OpenState now = FMOD_OPENSTATE_READY.

FMOD: SoundI::release                : State Hospital (0968A330)
FMOD: SoundI::release                : remove stream samples. (0968A330)
FMOD: SoundI::release                :      (0968A4C0)
FMOD: SoundI::release                :     free this. (0968A4C0)
FMOD: SoundI::release                :     done (0968A4C0)
FMOD: SoundI::release                : release codec. (0968A330)
FMOD: Codec::release                 : 
FMOD: Codec::release                 : Close file (mFile = 0964D988)
FMOD: Plugin::release                : (09688E60)
FMOD: Plugin::release                : done
FMOD: Codec::release                 : done
FMOD: SoundI::release                : free this. (0968A330)
FMOD: SoundI::release                : done (0968A330)
FMOD: SystemI::createSoundInternal   : filename = D:\MP3s\Ripped\Green Day\°Dos!\10 Lady Cobra.mp3 : mode 000000a0
FMOD: SystemI::createSoundInternal   : 21 codecs found.  Scan all until one succeeds
FMOD: CodecTag::openInternal         : attempting to open ID3 or ASF tags..
FMOD: Codec::release                 : 
FMOD: Plugin::release                : (096021B0)
FMOD: Plugin::release                : done
FMOD: Codec::release                 : done
FMOD: CodecCDDA::openInternal        : attempting to open as CDDA..
FMOD: Codec::release                 : 
FMOD: Plugin::release                : (09688E40)
FMOD: Plugin::release                : done
FMOD: Codec::release                 : done
FMOD: CodecFSB5::openInternal        : attempting to open as FSB5..
FMOD: CodecFSB5::headerReadCheck     : Header check failed. Not an FSB5
FMOD: Codec::release                 : 
FMOD: CodecFSB5::closeInternal       : 
FMOD: CodecFSB5::closeInternal       : done
FMOD: Plugin::release                : (09688E40)
FMOD: Plugin::release                : done
FMOD: Codec::release                 : done
FMOD: CodecFSB::openInternal         : attempting to open as FSB..
FMOD: CodecFSB::openInternal         : Header check failed.  Not an FSB
FMOD: Codec::release                 : 
FMOD: CodecFSB::closeInternal        : 
FMOD: CodecFSB::closeInternal        : done
FMOD: Plugin::release                : (09688E40)
FMOD: Plugin::release                : done
FMOD: Codec::release                 : done
FMOD: CodecVAG::openInternal         : attempting to open as VAG..
FMOD: CodecVAG::openInternal         : 'VAG' ID check failed [ˇ˚∞]
FMOD: Codec::release                 : 
FMOD: Plugin::release                : (09688E40)
FMOD: Plugin::release                : done
FMOD: Codec::release                 : done
FMOD: CodecWav::openInternal         : attempting to open as WAV..
FMOD: Codec::release                 : 
FMOD: Plugin::release                : (09688E40)
FMOD: Plugin::release                : done
FMOD: Codec::release                 : done
FMOD: CodecOggVorbis::openInternal   : attempting to open as OGG..
FMOD: CodecOggVorbis::openInternal   : failed to open as ogg
FMOD: Codec::release                 : 
FMOD: Plugin::release                : (09688E40)
FMOD: Plugin::release                : done
FMOD: Codec::release                 : done
FMOD: CodecAIFF::openInternal        : attempting to open as AIFF..
FMOD: Codec::release                 : 
FMOD: Plugin::release                : (09688E40)
FMOD: Plugin::release                : done
FMOD: Codec::release                 : done
FMOD: CodecFLAC::openInternal        : attempting to open as FLAC..
FMOD: Codec::release                 : 
FMOD: Plugin::release                : (09688E40)
FMOD: Plugin::release                : done
FMOD: Codec::release                 : done
FMOD: CodecMOD::openInternal         : attempting to open as MOD..
FMOD: CodecMOD::openInternal         : 'M.K.' etc ID check failed [ˇˇˇˇ]
FMOD: Codec::release                 : 
FMOD: Plugin::release                : (09688E40)
FMOD: Plugin::release                : done
FMOD: Codec::release                 : done
FMOD: CodecS3M::openInternal         : attempting to open as S3M..
FMOD: CodecS3M::openInternal         : 'SCRM' ID check failed [∑	∞ƒ]
FMOD: Codec::release                 : 
FMOD: Plugin::release                : (09688E40)
FMOD: Plugin::release                : done
FMOD: Codec::release                 : done
FMOD: CodecXM::openInternal          : attempting to open as XM..
FMOD: CodecXM::openInternal          : 'Extended Module: ' ID check failed [ˇ˚∞@]
FMOD: Codec::release                 : 
FMOD: CodecXM::closeInternal         : 3585
FMOD: CodecXM::closeInternal         : done
FMOD: Plugin::release                : (09688E40)
FMOD: Plugin::release                : done
FMOD: Codec::release                 : done
FMOD: CodecIT::openInternal          : attempting to open as IT..
FMOD: CodecIT::openInternal          : 'IMPM' etc ID check failed [ˇ˚∞@]
FMOD: Codec::release                 : 
FMOD: Plugin::release                : (0964E018)
FMOD: Plugin::release                : done
FMOD: Codec::release                 : done
FMOD: CodecMIDI::openInternal        : attempting to open as MIDI..
FMOD: CodecMIDI::openInternal        : 'HThd' ID check failed [ˇ˚∞@]
FMOD: Codec::release                 : 
FMOD: Plugin::release                : (0964E018)
FMOD: Plugin::release                : done
FMOD: Codec::release                 : done
FMOD: CodecDLS::openInternal         : attempting to open as DLS..
FMOD: Codec::release                 : 
FMOD: Plugin::release                : (09688E40)
FMOD: Plugin::release                : done
FMOD: Codec::release                 : done
FMOD: CodecASF::openInternal         : attempting to open as ASF..
FMOD: Codec::release                 : 
FMOD: Plugin::release                : (09688E40)
FMOD: Plugin::release                : done
FMOD: Codec::release                 : done
FMOD: CodecMPEG::openInternal        : attempting to open as MPEG..
FMOD: SystemI::createSoundInternal   : Format has 0 subsounds.
FMOD: SystemI::createSoundInternal   : Create as FMOD_CREATESTREAM
FMOD: System::createSoundInternal    : decode buffersize = 17280 : blocksize = 1152 : format = 2
FMOD: SystemI::createSample          : mode 000000c2 length 17280 samples, lengthbytes 3011814
FMOD: SystemI::createSample          : subsamples = 1, channels = 2
FMOD: SystemI::createSample          : subsample 0.  output = 02C7EE28
FMOD: SystemI::createSample          : mSoftware = 02C7EE28
FMOD: OutputSoftware::createSample   : lengthpcm 17280, lengthbytes 3011814, channels 2, format 2, freq 44100, mode 000000ca
FMOD: OutputSoftware::createSample   : done
FMOD: SystemI::createSample          : done
FMOD: System::createSoundInternal    : Seek stream to start
FMOD: System::createSoundInternal    : flush stream buffer
FMOD: System::createSoundInternal    : flush successful.
FMOD: System::createSoundInternal    : switch file handle from small blocking single buffered to large nonblocking doublebuffered.
FMOD: SystemI::createSoundInternal   : No name found in file, use filename.
FMOD: SystemI::createSoundInternal   : done.  OpenState now = FMOD_OPENSTATE_READY.

FMOD: SoundI::release                : Lady Cobra (0968A310)
FMOD: SoundI::release                : remove stream samples. (0968A310)
FMOD: SoundI::release                :      (0968A4A0)
FMOD: SoundI::release                :     free this. (0968A4A0)
FMOD: SoundI::release                :     done (0968A4A0)
FMOD: SoundI::release                : release codec. (0968A310)
FMOD: Codec::release                 : 
FMOD: Codec::release                 : Close file (mFile = 0964D988)
FMOD: Plugin::release                : (09688E40)
FMOD: Plugin::release                : done
FMOD: Codec::release                 : done
FMOD: SoundI::release                : free this. (0968A310)
FMOD: SoundI::release                : done (0968A310)
FMOD: SystemI::createSoundInternal   : filename = D:\MP3s\Bought On Amazon\Kings Of Leon\Mechanical Bull (Deluxe Version)\01-02- Rock City.mp3 : mode 000000a0
FMOD: SystemI::createSoundInternal   : 21 codecs found.  Scan all until one succeeds
FMOD: CodecTag::openInternal         : attempting to open ID3 or ASF tags..
FMOD: Codec::release                 : 
FMOD: Plugin::release                : (096021B0)
FMOD: Plugin::release                : done
FMOD: Codec::release                 : done
FMOD: CodecCDDA::openInternal        : attempting to open as CDDA..
FMOD: Codec::release                 : 
FMOD: Plugin::release                : (0968AF88)
FMOD: Plugin::release                : done
FMOD: Codec::release                 : done
FMOD: CodecFSB5::openInternal        : attempting to open as FSB5..
FMOD: CodecFSB5::headerReadCheck     : Header check failed. Not an FSB5
FMOD: Codec::release                 : 
FMOD: CodecFSB5::closeInternal       : 
FMOD: CodecFSB5::closeInternal       : done
FMOD: Plugin::release                : (0968AF88)
FMOD: Plugin::release                : done
FMOD: Codec::release                 : done
FMOD: CodecFSB::openInternal         : attempting to open as FSB..
FMOD: CodecFSB::openInternal         : Header check failed.  Not an FSB
FMOD: Codec::release                 : 
FMOD: CodecFSB::closeInternal        : 
FMOD: CodecFSB::closeInternal        : done
FMOD: Plugin::release                : (0968AF88)
FMOD: Plugin::release                : done
FMOD: Codec::release                 : done
FMOD: CodecVAG::openInternal         : attempting to open as VAG..
FMOD: CodecVAG::openInternal         : 'VAG' ID check failed [ˇ˚‡]
FMOD: Codec::release                 : 
FMOD: Plugin::release                : (0968AF88)
FMOD: Plugin::release                : done
FMOD: Codec::release                 : done
FMOD: CodecWav::openInternal         : attempting to open as WAV..
FMOD: Codec::release                 : 
FMOD: Plugin::release                : (0968AF88)
FMOD: Plugin::release                : done
FMOD: Codec::release                 : done
FMOD: CodecOggVorbis::openInternal   : attempting to open as OGG..
FMOD: CodecOggVorbis::openInternal   : failed to open as ogg
FMOD: Codec::release                 : 
FMOD: Plugin::release                : (0968AF88)
FMOD: Plugin::release                : done
FMOD: Codec::release                 : done
FMOD: CodecAIFF::openInternal        : attempting to open as AIFF..
FMOD: Codec::release                 : 
FMOD: Plugin::release                : (0968AF88)
FMOD: Plugin::release                : done
FMOD: Codec::release                 : done
FMOD: CodecFLAC::openInternal        : attempting to open as FLAC..
FMOD: Codec::release                 : 
FMOD: Plugin::release                : (0968AF88)
FMOD: Plugin::release                : done
FMOD: Codec::release                 : done
FMOD: CodecMOD::openInternal         : attempting to open as MOD..
FMOD: CodecMOD::openInternal         : 'M.K.' etc ID check failed [LAME]
FMOD: Codec::release                 : 
FMOD: Plugin::release                : (0968AF88)
FMOD: Plugin::release                : done
FMOD: Codec::release                 : done
FMOD: CodecS3M::openInternal         : attempting to open as S3M..
FMOD: CodecS3M::openInternal         : 'SCRM' ID check failed [FMOD: Codec::release                 : 
FMOD: Plugin::release                : (09687FE0)
FMOD: Plugin::release                : done
FMOD: Codec::release                 : done
FMOD: CodecXM::openInternal          : attempting to open as XM..
FMOD: CodecXM::openInternal          : 'Extended Module: ' ID check failed [ˇ˚‡]
FMOD: Codec::release                 : 
FMOD: CodecXM::closeInternal         : 3585
FMOD: CodecXM::closeInternal         : done
FMOD: Plugin::release                : (0968AF88)
FMOD: Plugin::release                : done
FMOD: Codec::release                 : done
FMOD: CodecIT::openInternal          : attempting to open as IT..
FMOD: CodecIT::openInternal          : 'IMPM' etc ID check failed [ˇ˚‡]
FMOD: Codec::release                 : 
FMOD: Plugin::release                : (09650048)
FMOD: Plugin::release                : done
FMOD: Codec::release                 : done
FMOD: CodecMIDI::openInternal        : attempting to open as MIDI..
FMOD: CodecMIDI::openInternal        : 'HThd' ID check failed [ˇ˚‡]
FMOD: Codec::release                 : 
FMOD: Plugin::release                : (09650048)
FMOD: Plugin::release                : done
FMOD: Codec::release                 : done
FMOD: CodecDLS::openInternal         : attempting to open as DLS..
FMOD: Codec::release                 : 
FMOD: Plugin::release                : (0968AF88)
FMOD: Plugin::release                : done
FMOD: Codec::release                 : done
FMOD: CodecASF::openInternal         : attempting to open as ASF..
FMOD: Codec::release                 : 
FMOD: Plugin::release                : (0968AF88)
FMOD: Plugin::release                : done
FMOD: Codec::release                 : done
FMOD: CodecMPEG::openInternal        : attempting to open as MPEG..
FMOD: SystemI::createSoundInternal   : Format has 0 subsounds.
FMOD: SystemI::createSoundInternal   : Create as FMOD_CREATESTREAM
FMOD: System::createSoundInternal    : decode buffersize = 17280 : blocksize = 1152 : format = 2
FMOD: SystemI::createSample          : mode 000000c2 length 17280 samples, lengthbytes 7079310
FMOD: SystemI::createSample          : subsamples = 1, channels = 2
FMOD: SystemI::createSample          : subsample 0.  output = 02C7EE28
FMOD: SystemI::createSample          : mSoftware = 02C7EE28
FMOD: OutputSoftware::createSample   : lengthpcm 17280, lengthbytes 7079310, channels 2, format 2, freq 44100, mode 000000ca
FMOD: OutputSoftware::createSample   : done
FMOD: SystemI::createSample          : done
FMOD: System::createSoundInternal    : Seek stream to start
FMOD: System::createSoundInternal    : flush stream buffer
FMOD: System::createSoundInternal    : flush successful.
FMOD: System::createSoundInternal    : switch file handle from small blocking single buffered to large nonblocking doublebuffered.
FMOD: SystemI::createSoundInternal   : No name found in file, use filename.
FMOD: SystemI::createSoundInternal   : done.  OpenState now = FMOD_OPENSTATE_READY.

FMOD: SoundI::release                : Rock City (0968B228)
FMOD: SoundI::release                : remove stream samples. (0968B228)
FMOD: SoundI::release                :      (0968B3B8)
FMOD: SoundI::release                :     free this. (0968B3B8)
FMOD: SoundI::release                :     done (0968B3B8)
FMOD: SoundI::release                : release codec. (0968B228)
FMOD: Codec::release                 : 
FMOD: Codec::release                 : Close file (mFile = 0964D988)
FMOD: Plugin::release                : (0968AF88)
FMOD: Plugin::release                : done
FMOD: Codec::release                 : done
FMOD: SoundI::release                : free this. (0968B228)
FMOD: SoundI::release                : done (0968B228)
FMOD: SystemI::createSoundInternal   : filename = D:\MP3s\Ripped\Third Eye Blind\Third Eye Blind\Third Eye Blind-The Background.mp3 : mode 000000a0
FMOD: SystemI::createSoundInternal   : 21 codecs found.  Scan all until one succeeds
FMOD: CodecTag::openInternal         : attempting to open ID3 or ASF tags..
FMOD: Codec::release                 : 
FMOD: Plugin::release                : (096021B0)
FMOD: Plugin::release                : done
FMOD: Codec::release                 : done
FMOD: CodecCDDA::openInternal        : attempting to open as CDDA..
FMOD: Codec::release                 : 
FMOD: Plugin::release                : (09687EA0)
FMOD: Plugin::release                : done
FMOD: Codec::release                 : done
FMOD: CodecFSB5::openInternal        : attempting to open as FSB5..
FMOD: CodecFSB5::headerReadCheck     : Header check failed. Not an FSB5
FMOD: Codec::release                 : 
FMOD: CodecFSB5::closeInternal       : 
FMOD: CodecFSB5::closeInternal       : done
FMOD: Plugin::release                : (09687EA0)
FMOD: Plugin::release                : done
FMOD: Codec::release                 : done
FMOD: CodecFSB::openInternal         : attempting to open as FSB..
FMOD: CodecFSB::openInternal         : Header check failed.  Not an FSB
FMOD: Codec::release                 : 
FMOD: CodecFSB::closeInternal        : 
FMOD: CodecFSB::closeInternal        : done
FMOD: Plugin::release                : (09687EA0)
FMOD: Plugin::release                : done
FMOD: Codec::release                 : done
FMOD: CodecVAG::openInternal         : attempting to open as VAG..
FMOD: CodecVAG::openInternal         : 'VAG' ID check failed [ˇ˚∞]
FMOD: Codec::release                 : 
FMOD: Plugin::release                : (09687EA0)
FMOD: Plugin::release                : done
FMOD: Codec::release                 : done
FMOD: CodecWav::openInternal         : attempting to open as WAV..
FMOD: Codec::release                 : 
FMOD: Plugin::release                : (09687EA0)
FMOD: Plugin::release                : done
FMOD: Codec::release                 : done
FMOD: CodecOggVorbis::openInternal   : attempting to open as OGG..
FMOD: CodecOggVorbis::openInternal   : failed to open as ogg
FMOD: Codec::release                 : 
FMOD: Plugin::release                : (09687EA0)
FMOD: Plugin::release                : done
FMOD: Codec::release                 : done
FMOD: CodecAIFF::openInternal        : attempting to open as AIFF..
FMOD: Codec::release                 : 
FMOD: Plugin::release                : (09687EA0)
FMOD: Plugin::release                : done
FMOD: Codec::release                 : done
FMOD: CodecFLAC::openInternal        : attempting to open as FLAC..
FMOD: Codec::release                 : 
FMOD: Plugin::release                : (09687EA0)
FMOD: Plugin::release                : done
FMOD: Codec::release                 : done
FMOD: CodecMOD::openInternal         : attempting to open as MOD..
FMOD: CodecMOD::openInternal         : 'M.K.' etc ID check failed [-·C[]
FMOD: Codec::release                 : 
FMOD: Plugin::release                : (09687EA0)
FMOD: Plugin::release                : done
FMOD: Codec::release                 : done
FMOD: CodecS3M::openInternal         : attempting to open as S3M..
FMOD: CodecS3M::openInternal         : 'SCRM' ID check failed [4KAÎ]
FMOD: Codec::release                 : 
FMOD: Plugin::release                : (09687EA0)
FMOD: Plugin::release                : done
FMOD: Codec::release                 : done
FMOD: CodecXM::openInternal          : attempting to open as XM..
FMOD: CodecXM::openInternal          : 'Extended Module: ' ID check failed [ˇ˚∞@]
FMOD: Codec::release                 : 
FMOD: CodecXM::closeInternal         : 3585
FMOD: CodecXM::closeInternal         : done
FMOD: Plugin::release                : (09687EA0)
FMOD: Plugin::release                : done
FMOD: Codec::release                 : done
FMOD: CodecIT::openInternal          : attempting to open as IT..
FMOD: CodecIT::openInternal          : 'IMPM' etc ID check failed [ˇ˚∞@]
FMOD: Codec::release                 : 
FMOD: Plugin::release                : (09687EA0)
FMOD: Plugin::release                : done
FMOD: Codec::release                 : done
FMOD: CodecMIDI::openInternal        : attempting to open as MIDI..
FMOD: CodecMIDI::openInternal        : 'HThd' ID check failed [ˇ˚∞@]
FMOD: Codec::release                 : 
FMOD: Plugin::release                : (09687EA0)
FMOD: Plugin::release                : done
FMOD: Codec::release                 : done
FMOD: CodecDLS::openInternal         : attempting to open as DLS..
FMOD: Codec::release                 : 
FMOD: Plugin::release                : (09687EA0)
FMOD: Plugin::release                : done
FMOD: Codec::release                 : done
FMOD: CodecASF::openInternal         : attempting to open as ASF..
FMOD: Codec::release                 : 
FMOD: Plugin::release                : (09687EA0)
FMOD: Plugin::release                : done
FMOD: Codec::release                 : done
FMOD: CodecMPEG::openInternal        : attempting to open as MPEG..
FMOD: SystemI::createSoundInternal   : Format has 0 subsounds.
FMOD: SystemI::createSoundInternal   : Create as FMOD_CREATESTREAM
FMOD: System::createSoundInternal    : decode buffersize = 17280 : blocksize = 1152 : format = 2
FMOD: SystemI::createSample          : mode 000000c2 length 17280 samples, lengthbytes 7110236
FMOD: SystemI::createSample          : subsamples = 1, channels = 2
FMOD: SystemI::createSample          : subsample 0.  output = 02C7EE28
FMOD: SystemI::createSample          : mSoftware = 02C7EE28
FMOD: OutputSoftware::createSample   : lengthpcm 17280, lengthbytes 7110236, channels 2, format 2, freq 44100, mode 000000ca
FMOD: OutputSoftware::createSample   : done
FMOD: SystemI::createSample          : done
FMOD: System::createSoundInternal    : Seek stream to start
FMOD: System::createSoundInternal    : flush stream buffer
FMOD: System::createSoundInternal    : flush successful.
FMOD: System::createSoundInternal    : switch file handle from small blocking single buffered to large nonblocking doublebuffered.
FMOD: SystemI::createSoundInternal   : No name found in file, use filename.
FMOD: SystemI::createSoundInternal   : done.  OpenState now = FMOD_OPENSTATE_READY.

FMOD: SoundI::release                : The Background (09689370)
FMOD: SoundI::release                : remove stream samples. (09689370)
FMOD: SoundI::release                :      (09689500)
FMOD: SoundI::release                :     free this. (09689500)
FMOD: SoundI::release                :     done (09689500)
FMOD: SoundI::release                : release codec. (09689370)
FMOD: Codec::release                 : 
FMOD: Codec::release                 : Close file (mFile = 0964D988)
FMOD: Plugin::release                : (09687EA0)
FMOD: Plugin::release                : done
FMOD: Codec::release                 : done
FMOD: SoundI::release                : free this. (09689370)
FMOD: SoundI::release                : done (09689370)
FMOD: SystemI::createSoundInternal   : filename = D:\MP3s\Bought On Amazon\Cold War Kids\Loyalty to Loyalty\09 - Every Man I Fall For.mp3 : mode 000000a0
FMOD: SystemI::createSoundInternal   : 21 codecs found.  Scan all until one succeeds
FMOD: CodecTag::openInternal         : attempting to open ID3 or ASF tags..
FMOD: Codec::release                 : 
FMOD: Plugin::release                : (096021B0)
FMOD: Plugin::release                : done
FMOD: Codec::release                 : done
FMOD: CodecCDDA::openInternal        : attempting to open as CDDA..
FMOD: Codec::release                 : 
FMOD: Plugin::release                : (10D7A6E8)
FMOD: Plugin::release                : done
FMOD: Codec::release                 : done
FMOD: CodecFSB5::openInternal        : attempting to open as FSB5..
FMOD: CodecFSB5::headerReadCheck     : Header check failed. Not an FSB5
FMOD: Codec::release                 : 
FMOD: CodecFSB5::closeInternal       : 
FMOD: CodecFSB5::closeInternal       : done
FMOD: Plugin::release                : (10D7A6E8)
FMOD: Plugin::release                : done
FMOD: Codec::release                 : done
FMOD: CodecFSB::openInternal         : attempting to open as FSB..
FMOD: CodecFSB::openInternal         : Header check failed.  Not an FSB
FMOD: Codec::release                 : 
FMOD: CodecFSB::closeInternal        : 
FMOD: CodecFSB::closeInternal        : done
FMOD: Plugin::release                : (10D7A6E8)
FMOD: Plugin::release                : done
FMOD: Codec::release                 : done
FMOD: CodecVAG::openInternal         : attempting to open as VAG..
FMOD: CodecVAG::openInternal         : 'VAG' ID check failed [ˇ˚ê]
FMOD: Codec::release                 : 
FMOD: Plugin::release                : (10D7A6E8)
FMOD: Plugin::release                : done
FMOD: Codec::release                 : done
FMOD: CodecWav::openInternal         : attempting to open as WAV..
FMOD: Codec::release                 : 
FMOD: Plugin::release                : (10D7A6E8)
FMOD: Plugin::release                : done
FMOD: Codec::release                 : done
FMOD: CodecOggVorbis::openInternal   : attempting to open as OGG..
FMOD: CodecOggVorbis::openInternal   : failed to open as ogg
FMOD: Codec::release                 : 
FMOD: Plugin::release                : (10D7A6E8)
FMOD: Plugin::release                : done
FMOD: Codec::release                 : done
FMOD: CodecAIFF::openInternal        : attempting to open as AIFF..
FMOD: Codec::release                 : 
FMOD: Plugin::release                : (10D7A6E8)
FMOD: Plugin::release                : done
FMOD: Codec::release                 : done
FMOD: CodecFLAC::openInternal        : attempting to open as FLAC..
FMOD: Codec::release                 : 
FMOD: Plugin::release                : (10D7A6E8)
FMOD: Plugin::release                : done
FMOD: Codec::release                 : done
FMOD: CodecMOD::openInternal         : attempting to open as MOD..
FMOD: CodecMOD::openInternal         : 'M.K.' etc ID check failed [	@™≤]
FMOD: Codec::release                 : 
FMOD: Plugin::release                : (09687C50)
FMOD: Plugin::release                : done
FMOD: Codec::release                 : done
FMOD: CodecS3M::openInternal         : attempting to open as S3M..
FMOD: CodecS3M::openInternal         : 'SCRM' ID check failed [FMOD: Codec::release                 : 
FMOD: Plugin::release                : (09687C50)
FMOD: Plugin::release                : done
FMOD: Codec::release                 : done
FMOD: CodecXM::openInternal          : attempting to open as XM..
FMOD: CodecXM::openInternal          : 'Extended Module: ' ID check failed [ˇ˚êd]
FMOD: Codec::release                 : 
FMOD: CodecXM::closeInternal         : 3585
FMOD: CodecXM::closeInternal         : done
FMOD: Plugin::release                : (10D7A6E8)
FMOD: Plugin::release                : done
FMOD: Codec::release                 : done
FMOD: CodecIT::openInternal          : attempting to open as IT..
FMOD: CodecIT::openInternal          : 'IMPM' etc ID check failed [ˇ˚êd]
FMOD: Codec::release                 : 
FMOD: Plugin::release                : (0964E018)
FMOD: Plugin::release                : done
FMOD: Codec::release                 : done
FMOD: CodecMIDI::openInternal        : attempting to open as MIDI..
FMOD: CodecMIDI::openInternal        : 'HThd' ID check failed [ˇ˚êd]
FMOD: Codec::release                 : 
FMOD: Plugin::release                : (0964E018)
FMOD: Plugin::release                : done
FMOD: Codec::release                 : done
FMOD: CodecDLS::openInternal         : attempting to open as DLS..
FMOD: Codec::release                 : 
FMOD: Plugin::release                : (10D7A6E8)
FMOD: Plugin::release                : done
FMOD: Codec::release                 : done
FMOD: CodecASF::openInternal         : attempting to open as ASF..
FMOD: Codec::release                 : 
FMOD: Plugin::release                : (10D7A6E8)
FMOD: Plugin::release                : done
FMOD: Codec::release                 : done
FMOD: CodecMPEG::openInternal        : attempting to open as MPEG..
FMOD: SystemI::createSoundInternal   : Format has 0 subsounds.
FMOD: SystemI::createSoundInternal   : Create as FMOD_CREATESTREAM
FMOD: System::createSoundInternal    : decode buffersize = 17280 : blocksize = 1152 : format = 2
FMOD: SystemI::createSample          : mode 000000c2 length 17280 samples, lengthbytes 7480969
FMOD: SystemI::createSample          : subsamples = 1, channels = 2
FMOD: SystemI::createSample          : subsample 0.  output = 02C7EE28
FMOD: SystemI::createSample          : mSoftware = 02C7EE28
FMOD: OutputSoftware::createSample   : lengthpcm 17280, lengthbytes 7480969, channels 2, format 2, freq 44100, mode 000000ca
FMOD: OutputSoftware::createSample   : done
FMOD: SystemI::createSample          : done
FMOD: System::createSoundInternal    : Seek stream to start
FMOD: System::createSoundInternal    : flush stream buffer
FMOD: System::createSoundInternal    : flush successful.
FMOD: System::createSoundInternal    : switch file handle from small blocking single buffered to large nonblocking doublebuffered.
FMOD: SystemI::createSoundInternal   : No name found in file, use filename.
FMOD: SystemI::createSoundInternal   : done.  OpenState now = FMOD_OPENSTATE_READY.

FMOD: SoundI::release                : Every Man I Fall For (10D7A988)
FMOD: SoundI::release                : remove stream samples. (10D7A988)
FMOD: SoundI::release                :      (10D7AB18)
FMOD: SoundI::release                :     free this. (10D7AB18)
FMOD: SoundI::release                :     done (10D7AB18)
FMOD: SoundI::release                : release codec. (10D7A988)
FMOD: Codec::release                 : 
FMOD: Codec::release                 : Close file (mFile = 0964D988)
FMOD: Plugin::release                : (10D7A6E8)
FMOD: Plugin::release                : done
FMOD: Codec::release                 : done
FMOD: SoundI::release                : free this. (10D7A988)
FMOD: SoundI::release                : done (10D7A988)
FMOD: SystemI::createSoundInternal   : filename = D:\MP3s\Ripped\Green Day\°Dos!\13 Amy.mp3 : mode 000000a0
FMOD: SystemI::createSoundInternal   : 21 codecs found.  Scan all until one succeeds
FMOD: CodecTag::openInternal         : attempting to open ID3 or ASF tags..
FMOD: Codec::release                 : 
FMOD: Plugin::release                : (096021B0)
FMOD: Plugin::release                : done
FMOD: Codec::release                 : done
FMOD: CodecCDDA::openInternal        : attempting to open as CDDA..
FMOD: Codec::release                 : 
FMOD: Plugin::release                : (09688E30)
FMOD: Plugin::release                : done
FMOD: Codec::release                 : done
FMOD: CodecFSB5::openInternal        : attempting to open as FSB5..
FMOD: CodecFSB5::headerReadCheck     : Header check failed. Not an FSB5
FMOD: Codec::release                 : 
FMOD: CodecFSB5::closeInternal       : 
FMOD: CodecFSB5::closeInternal       : done
FMOD: Plugin::release                : (09688E30)
FMOD: Plugin::release                : done
FMOD: Codec::release                 : done
FMOD: CodecFSB::openInternal         : attempting to open as FSB..
FMOD: CodecFSB::openInternal         : Header check failed.  Not an FSB
FMOD: Codec::release                 : 
FMOD: CodecFSB::closeInternal        : 
FMOD: CodecFSB::closeInternal        : done
FMOD: Plugin::release                : (09688E30)
FMOD: Plugin::release                : done
FMOD: Codec::release                 : done
FMOD: CodecVAG::openInternal         : attempting to open as VAG..
FMOD: CodecVAG::openInternal         : 'VAG' ID check failed [ˇ˚∞]
FMOD: Codec::release                 : 
FMOD: Plugin::release                : (09688E30)
FMOD: Plugin::release                : done
FMOD: Codec::release                 : done
FMOD: CodecWav::openInternal         : attempting to open as WAV..
FMOD: Codec::release                 : 
FMOD: Plugin::release                : (09688E30)
FMOD: Plugin::release                : done
FMOD: Codec::release                 : done
FMOD: CodecOggVorbis::openInternal   : attempting to open as OGG..
FMOD: CodecOggVorbis::openInternal   : failed to open as ogg
FMOD: Codec::release                 : 
FMOD: Plugin::release                : (09688E30)
FMOD: Plugin::release                : done
FMOD: Codec::release                 : done
FMOD: CodecAIFF::openInternal        : attempting to open as AIFF..
FMOD: Codec::release                 : 
FMOD: Plugin::release                : (09688E30)
FMOD: Plugin::release                : done
FMOD: Codec::release                 : done
FMOD: CodecFLAC::openInternal        : attempting to open as FLAC..
FMOD: Codec::release                 : 
FMOD: Plugin::release                : (09688E30)
FMOD: Plugin::release                : done
FMOD: Codec::release                 : done
FMOD: CodecMOD::openInternal         : attempting to open as MOD..
FMOD: CodecMOD::openInternal         : 'M.K.' etc ID check failed [ˇˇˇˇ]
FMOD: Codec::release                 : 
FMOD: Plugin::release                : (09688E30)
FMOD: Plugin::release                : done
FMOD: Codec::release                 : done
FMOD: CodecS3M::openInternal         : attempting to open as S3M..
FMOD: CodecS3M::openInternal         : 'SCRM' ID check failed [ˇˇˇˇ]
FMOD: Codec::release                 : 
FMOD: Plugin::release                : (09688E30)
FMOD: Plugin::release                : done
FMOD: Codec::release                 : done
FMOD: CodecXM::openInternal          : attempting to open as XM..
FMOD: CodecXM::openInternal          : 'Extended Module: ' ID check failed [ˇ˚∞@]
FMOD: Codec::release                 : 
FMOD: CodecXM::closeInternal         : 3585
FMOD: CodecXM::closeInternal         : done
FMOD: Plugin::release                : (09688E30)
FMOD: Plugin::release                : done
FMOD: Codec::release                 : done
FMOD: CodecIT::openInternal          : attempting to open as IT..
FMOD: CodecIT::openInternal          : 'IMPM' etc ID check failed [ˇ˚∞@]
FMOD: Codec::release                 : 
FMOD: Plugin::release                : (0964E018)
FMOD: Plugin::release                : done
FMOD: Codec::release                 : done
FMOD: CodecMIDI::openInternal        : attempting to open as MIDI..
FMOD: CodecMIDI::openInternal        : 'HThd' ID check failed [ˇ˚∞@]
FMOD: Codec::release                 : 
FMOD: Plugin::release                : (0964E018)
FMOD: Plugin::release                : done
FMOD: Codec::release                 : done
FMOD: CodecDLS::openInternal         : attempting to open as DLS..
FMOD: Codec::release                 : 
FMOD: Plugin::release                : (09688E30)
FMOD: Plugin::release                : done
FMOD: Codec::release                 : done
FMOD: CodecASF::openInternal         : attempting to open as ASF..
FMOD: Codec::release                 : 
FMOD: Plugin::release                : (09688E30)
FMOD: Plugin::release                : done
FMOD: Codec::release                 : done
FMOD: CodecMPEG::openInternal        : attempting to open as MPEG..
FMOD: SystemI::createSoundInternal   : Format has 0 subsounds.
FMOD: SystemI::createSoundInternal   : Create as FMOD_CREATESTREAM
FMOD: System::createSoundInternal    : decode buffersize = 17280 : blocksize = 1152 : format = 2
FMOD: SystemI::createSample          : mode 000000c2 length 17280 samples, lengthbytes 4914228
FMOD: SystemI::createSample          : subsamples = 1, channels = 2
FMOD: SystemI::createSample          : subsample 0.  output = 02C7EE28
FMOD: SystemI::createSample          : mSoftware = 02C7EE28
FMOD: OutputSoftware::createSample   : lengthpcm 17280, lengthbytes 4914228, channels 2, format 2, freq 44100, mode 000000ca
FMOD: OutputSoftware::createSample   : done
FMOD: SystemI::createSample          : done
FMOD: System::createSoundInternal    : Seek stream to start
FMOD: System::createSoundInternal    : flush stream buffer
FMOD: System::createSoundInternal    : flush successful.
FMOD: System::createSoundInternal    : switch file handle from small blocking single buffered to large nonblocking doublebuffered.
FMOD: SystemI::createSoundInternal   : No name found in file, use filename.
FMOD: SystemI::createSoundInternal   : done.  OpenState now = FMOD_OPENSTATE_READY.

FMOD: SoundI::release                : Amy (0968A300)
FMOD: SoundI::release                : remove stream samples. (0968A300)
FMOD: SoundI::release                :      (0968A490)
FMOD: SoundI::release                :     free this. (0968A490)
FMOD: SoundI::release                :     done (0968A490)
FMOD: SoundI::release                : release codec. (0968A300)
FMOD: Codec::release                 : 
FMOD: Codec::release                 : Close file (mFile = 0964D988)
FMOD: Plugin::release                : (09688E30)
FMOD: Plugin::release                : done
FMOD: Codec::release                 : done
FMOD: SoundI::release                : free this. (0968A300)
FMOD: SoundI::release                : done (0968A300)
FMOD: SystemI::createSoundInternal   : filename = D:\MP3s\Ripped\Cage the Elephant\Thank You Happy Birthday\Cage the Elephant-Flow.mp3 : mode 000000a0
FMOD: SystemI::createSoundInternal   : 21 codecs found.  Scan all until one succeeds
FMOD: CodecTag::openInternal         : attempting to open ID3 or ASF tags..
FMOD: Codec::release                 : 
FMOD: Plugin::release                : (096021B0)
FMOD: Plugin::release                : done
FMOD: Codec::release                 : done
FMOD: CodecCDDA::openInternal        : attempting to open as CDDA..
FMOD: Codec::release                 : 
FMOD: Plugin::release                : (09688F18)
FMOD: Plugin::release                : done
FMOD: Codec::release                 : done
FMOD: CodecFSB5::openInternal        : attempting to open as FSB5..
FMOD: CodecFSB5::headerReadCheck     : Header check failed. Not an FSB5
FMOD: Codec::release                 : 
FMOD: CodecFSB5::closeInternal       : 
FMOD: CodecFSB5::closeInternal       : done
FMOD: Plugin::release                : (09688F18)
FMOD: Plugin::release                : done
FMOD: Codec::release                 : done
FMOD: CodecFSB::openInternal         : attempting to open as FSB..
FMOD: CodecFSB::openInternal         : Header check failed.  Not an FSB
FMOD: Codec::release                 : 
FMOD: CodecFSB::closeInternal        : 
FMOD: CodecFSB::closeInternal        : done
FMOD: Plugin::release                : (09688F18)
FMOD: Plugin::release                : done
FMOD: Codec::release                 : done
FMOD: CodecVAG::openInternal         : attempting to open as VAG..
FMOD: CodecVAG::openInternal         : 'VAG' ID check failed [ˇ˚∞]
FMOD: Codec::release                 : 
FMOD: Plugin::release                : (09688F18)
FMOD: Plugin::release                : done
FMOD: Codec::release                 : done
FMOD: CodecWav::openInternal         : attempting to open as WAV..
FMOD: Codec::release                 : 
FMOD: Plugin::release                : (09688F18)
FMOD: Plugin::release                : done
FMOD: Codec::release                 : done
FMOD: CodecOggVorbis::openInternal   : attempting to open as OGG..
FMOD: CodecOggVorbis::openInternal   : failed to open as ogg
FMOD: Codec::release                 : 
FMOD: Plugin::release                : (09688F18)
FMOD: Plugin::release                : done
FMOD: Codec::release                 : done
FMOD: CodecAIFF::openInternal        : attempting to open as AIFF..
FMOD: Codec::release                 : 
FMOD: Plugin::release                : (09688F18)
FMOD: Plugin::release                : done
FMOD: Codec::release                 : done
FMOD: CodecFLAC::openInternal        : attempting to open as FLAC..
FMOD: Codec::release                 : 
FMOD: Plugin::release                : (09688F18)
FMOD: Plugin::release                : done
FMOD: Codec::release                 : done
FMOD: CodecMOD::openInternal         : attempting to open as MOD..
FMOD: CodecMOD::openInternal         : 'M.K.' etc ID check failed [ıuˇˇ]
FMOD: Codec::release                 : 
FMOD: Plugin::release                : (09688F18)
FMOD: Plugin::release                : done
FMOD: Codec::release                 : done
FMOD: CodecS3M::openInternal         : attempting to open as S3M..
FMOD: CodecS3M::openInternal         : 'SCRM' ID check failed [É¸]
FMOD: Codec::release                 : 
FMOD: Plugin::release                : (09688F18)
FMOD: Plugin::release                : done
FMOD: Codec::release                 : done
FMOD: CodecXM::openInternal          : attempting to open as XM..
FMOD: CodecXM::openInternal          : 'Extended Module: ' ID check failed [ˇ˚∞@]
FMOD: Codec::release                 : 
FMOD: CodecXM::closeInternal         : 3585
FMOD: CodecXM::closeInternal         : done
FMOD: Plugin::release                : (09688F18)
FMOD: Plugin::release                : done
FMOD: Codec::release                 : done
FMOD: CodecIT::openInternal          : attempting to open as IT..
FMOD: CodecIT::openInternal          : 'IMPM' etc ID check failed [ˇ˚∞@]
FMOD: Codec::release                 : 
FMOD: Plugin::release                : (0964E018)
FMOD: Plugin::release                : done
FMOD: Codec::release                 : done
FMOD: CodecMIDI::openInternal        : attempting to open as MIDI..
FMOD: CodecMIDI::openInternal        : 'HThd' ID check failed [ˇ˚∞@]
FMOD: Codec::release                 : 
FMOD: Plugin::release                : (0964E018)
FMOD: Plugin::release                : done
FMOD: Codec::release                 : done
FMOD: CodecDLS::openInternal         : attempting to open as DLS..
FMOD: Codec::release                 : 
FMOD: Plugin::release                : (09688F18)
FMOD: Plugin::release                : done
FMOD: Codec::release                 : done
FMOD: CodecASF::openInternal         : attempting to open as ASF..
FMOD: Codec::release                 : 
FMOD: Plugin::release                : (09688F18)
FMOD: Plugin::release                : done
FMOD: Codec::release                 : done
FMOD: CodecMPEG::openInternal        : attempting to open as MPEG..
FMOD: SystemI::createSoundInternal   : Format has 0 subsounds.
FMOD: SystemI::createSoundInternal   : Create as FMOD_CREATESTREAM
FMOD: System::createSoundInternal    : decode buffersize = 17280 : blocksize = 1152 : format = 2
FMOD: SystemI::createSample          : mode 000000c2 length 17280 samples, lengthbytes 11106620
FMOD: SystemI::createSample          : subsamples = 1, channels = 2
FMOD: SystemI::createSample          : subsample 0.  output = 02C7EE28
FMOD: SystemI::createSample          : mSoftware = 02C7EE28
FMOD: OutputSoftware::createSample   : lengthpcm 17280, lengthbytes 11106620, channels 2, format 2, freq 44100, mode 000000ca
FMOD: OutputSoftware::createSample   : done
FMOD: SystemI::createSample          : done
FMOD: System::createSoundInternal    : Seek stream to start
FMOD: System::createSoundInternal    : flush stream buffer
FMOD: System::createSoundInternal    : flush successful.
FMOD: System::createSoundInternal    : switch file handle from small blocking single buffered to large nonblocking doublebuffered.
FMOD: SystemI::createSoundInternal   : No name found in file, use filename.
FMOD: SystemI::createSoundInternal   : done.  OpenState now = FMOD_OPENSTATE_READY.

FMOD: SoundI::release                : Flow (0968A3E8)
FMOD: SoundI::release                : remove stream samples. (0968A3E8)
FMOD: SoundI::release                :      (0968A578)
FMOD: SoundI::release                :     free this. (0968A578)
FMOD: SoundI::release                :     done (0968A578)
FMOD: SoundI::release                : release codec. (0968A3E8)
FMOD: Codec::release                 : 
FMOD: Codec::release                 : Close file (mFile = 0964D988)
FMOD: Plugin::release                : (09688F18)
FMOD: Plugin::release                : done
FMOD: Codec::release                 : done
FMOD: SoundI::release                : free this. (0968A3E8)
FMOD: SoundI::release                : done (0968A3E8)
FMOD: SystemI::createSoundInternal   : filename = D:\MP3s\Ripped\Mumford & Sons\Babel\04 Holland Road.mp3 : mode 000000a0
FMOD: SystemI::createSoundInternal   : 21 codecs found.  Scan all until one succeeds
FMOD: CodecTag::openInternal         : attempting to open ID3 or ASF tags..
FMOD: Codec::release                 : 
FMOD: Plugin::release                : (096021B0)
FMOD: Plugin::release                : done
FMOD: Codec::release                 : done
FMOD: CodecCDDA::openInternal        : attempting to open as CDDA..
FMOD: Codec::release                 : 
FMOD: Plugin::release                : (09688EF8)
FMOD: Plugin::release                : done
FMOD: Codec::release                 : done
FMOD: CodecFSB5::openInternal        : attempting to open as FSB5..
FMOD: CodecFSB5::headerReadCheck     : Header check failed. Not an FSB5
FMOD: Codec::release                 : 
FMOD: CodecFSB5::closeInternal       : 
FMOD: CodecFSB5::closeInternal       : done
FMOD: Plugin::release                : (09688EF8)
FMOD: Plugin::release                : done
FMOD: Codec::release                 : done
FMOD: CodecFSB::openInternal         : attempting to open as FSB..
FMOD: CodecFSB::openInternal         : Header check failed.  Not an FSB
FMOD: Codec::release                 : 
FMOD: CodecFSB::closeInternal        : 
FMOD: CodecFSB::closeInternal        : done
FMOD: Plugin::release                : (09688EF8)
FMOD: Plugin::release                : done
FMOD: Codec::release                 : done
FMOD: CodecVAG::openInternal         : attempting to open as VAG..
FMOD: CodecVAG::openInternal         : 'VAG' ID check failed [ˇ˚∞]
FMOD: Codec::release                 : 
FMOD: Plugin::release                : (09688EF8)
FMOD: Plugin::release                : done
FMOD: Codec::release                 : done
FMOD: CodecWav::openInternal         : attempting to open as WAV..
FMOD: Codec::release                 : 
FMOD: Plugin::release                : (09688EF8)
FMOD: Plugin::release                : done
FMOD: Codec::release                 : done
FMOD: CodecOggVorbis::openInternal   : attempting to open as OGG..
FMOD: CodecOggVorbis::openInternal   : failed to open as ogg
FMOD: Codec::release                 : 
FMOD: Plugin::release                : (09688EF8)
FMOD: Plugin::release                : done
FMOD: Codec::release                 : done
FMOD: CodecAIFF::openInternal        : attempting to open as AIFF..
FMOD: Codec::release                 : 
FMOD: Plugin::release                : (09688EF8)
FMOD: Plugin::release                : done
FMOD: Codec::release                 : done
FMOD: CodecFLAC::openInternal        : attempting to open as FLAC..
FMOD: Codec::release                 : 
FMOD: Plugin::release                : (09688EF8)
FMOD: Plugin::release                : done
FMOD: Codec::release                 : done
FMOD: CodecMOD::openInternal         : attempting to open as MOD..
FMOD: CodecMOD::openInternal         : 'M.K.' etc ID check failed [Áˇˇ]
FMOD: Codec::release                 : 
FMOD: Plugin::release                : (09688EF8)
FMOD: Plugin::release                : done
FMOD: Codec::release                 : done
FMOD: CodecS3M::openInternal         : attempting to open as S3M..
FMOD: CodecS3M::openInternal         : 'SCRM' ID check failed [)˘å]
FMOD: Codec::release                 : 
FMOD: Plugin::release                : (09688EF8)
FMOD: Plugin::release                : done
FMOD: Codec::release                 : done
FMOD: CodecXM::openInternal          : attempting to open as XM..
FMOD: CodecXM::openInternal          : 'Extended Module: ' ID check failed [ˇ˚∞@]
FMOD: Codec::release                 : 
FMOD: CodecXM::closeInternal         : 3585
FMOD: CodecXM::closeInternal         : done
FMOD: Plugin::release                : (09688EF8)
FMOD: Plugin::release                : done
FMOD: Codec::release                 : done
FMOD: CodecIT::openInternal          : attempting to open as IT..
FMOD: CodecIT::openInternal          : 'IMPM' etc ID check failed [ˇ˚∞@]
FMOD: Codec::release                 : 
FMOD: Plugin::release                : (0964E018)
FMOD: Plugin::release                : done
FMOD: Codec::release                 : done
FMOD: CodecMIDI::openInternal        : attempting to open as MIDI..
FMOD: CodecMIDI::openInternal        : 'HThd' ID check failed [ˇ˚∞@]
FMOD: Codec::release                 : 
FMOD: Plugin::release                : (0964E018)
FMOD: Plugin::release                : done
FMOD: Codec::release                 : done
FMOD: CodecDLS::openInternal         : attempting to open as DLS..
FMOD: Codec::release                 : 
FMOD: Plugin::release                : (09688EF8)
FMOD: Plugin::release                : done
FMOD: Codec::release                 : done
FMOD: CodecASF::openInternal         : attempting to open as ASF..
FMOD: Codec::release                 : 
FMOD: Plugin::release                : (09688EF8)
FMOD: Plugin::release                : done
FMOD: Codec::release                 : done
FMOD: CodecMPEG::openInternal        : attempting to open as MPEG..
FMOD: SystemI::createSoundInternal   : Format has 0 subsounds.
FMOD: SystemI::createSoundInternal   : Create as FMOD_CREATESTREAM
FMOD: System::createSoundInternal    : decode buffersize = 17280 : blocksize = 1152 : format = 2
FMOD: SystemI::createSample          : mode 000000c2 length 17280 samples, lengthbytes 6065442
FMOD: SystemI::createSample          : subsamples = 1, channels = 2
FMOD: SystemI::createSample          : subsample 0.  output = 02C7EE28
FMOD: SystemI::createSample          : mSoftware = 02C7EE28
FMOD: OutputSoftware::createSample   : lengthpcm 17280, lengthbytes 6065442, channels 2, format 2, freq 44100, mode 000000ca
FMOD: OutputSoftware::createSample   : done
FMOD: SystemI::createSample          : done
FMOD: System::createSoundInternal    : Seek stream to start
FMOD: System::createSoundInternal    : flush stream buffer
FMOD: System::createSoundInternal    : flush successful.
FMOD: System::createSoundInternal    : switch file handle from small blocking single buffered to large nonblocking doublebuffered.
FMOD: SystemI::createSoundInternal   : No name found in file, use filename.
FMOD: SystemI::createSoundInternal   : done.  OpenState now = FMOD_OPENSTATE_READY.

FMOD: SoundI::release                : Holland Road (0968A3C8)
FMOD: SoundI::release                : remove stream samples. (0968A3C8)
FMOD: SoundI::release                :      (0968A558)
FMOD: SoundI::release                :     free this. (0968A558)
FMOD: SoundI::release                :     done (0968A558)
FMOD: SoundI::release                : release codec. (0968A3C8)
FMOD: Codec::release                 : 
FMOD: Codec::release                 : Close file (mFile = 0964D988)
FMOD: Plugin::release                : (09688EF8)
FMOD: Plugin::release                : done
FMOD: Codec::release                 : done
FMOD: SoundI::release                : free this. (0968A3C8)
FMOD: SoundI::release                : done (0968A3C8)
FMOD: SystemI::createSoundInternal   : filename = D:\MP3s\Ripped\Mumford & Sons\Sigh No More\Mumford & Sons-Timshel.mp3 : mode 000000a0
FMOD: SystemI::createSoundInternal   : 21 codecs found.  Scan all until one succeeds
FMOD: CodecTag::openInternal         : attempting to open ID3 or ASF tags..
FMOD: Codec::release                 : 
FMOD: Plugin::release                : (096021B0)
FMOD: Plugin::release                : done
FMOD: Codec::release                 : done
FMOD: CodecCDDA::openInternal        : attempting to open as CDDA..
FMOD: Codec::release                 : 
FMOD: Plugin::release                : (09688EF0)
FMOD: Plugin::release                : done
FMOD: Codec::release                 : done
FMOD: CodecFSB5::openInternal        : attempting to open as FSB5..
FMOD: CodecFSB5::headerReadCheck     : Header check failed. Not an FSB5
FMOD: Codec::release                 : 
FMOD: CodecFSB5::closeInternal       : 
FMOD: CodecFSB5::closeInternal       : done
FMOD: Plugin::release                : (09688EF0)
FMOD: Plugin::release                : done
FMOD: Codec::release                 : done
FMOD: CodecFSB::openInternal         : attempting to open as FSB..
FMOD: CodecFSB::openInternal         : Header check failed.  Not an FSB
FMOD: Codec::release                 : 
FMOD: CodecFSB::closeInternal        : 
FMOD: CodecFSB::closeInternal        : done
FMOD: Plugin::release                : (09688EF0)
FMOD: Plugin::release                : done
FMOD: Codec::release                 : done
FMOD: CodecVAG::openInternal         : attempting to open as VAG..
FMOD: CodecVAG::openInternal         : 'VAG' ID check failed [ˇ˚∞]
FMOD: Codec::release                 : 
FMOD: Plugin::release                : (09688EF0)
FMOD: Plugin::release                : done
FMOD: Codec::release                 : done
FMOD: CodecWav::openInternal         : attempting to open as WAV..
FMOD: Codec::release                 : 
FMOD: Plugin::release                : (09688EF0)
FMOD: Plugin::release                : done
FMOD: Codec::release                 : done
FMOD: CodecOggVorbis::openInternal   : attempting to open as OGG..
FMOD: CodecOggVorbis::openInternal   : failed to open as ogg
FMOD: Codec::release                 : 
FMOD: Plugin::release                : (09688EF0)
FMOD: Plugin::release                : done
FMOD: Codec::release                 : done
FMOD: CodecAIFF::openInternal        : attempting to open as AIFF..
FMOD: Codec::release                 : 
FMOD: Plugin::release                : (09688EF0)
FMOD: Plugin::release                : done
FMOD: Codec::release                 : done
FMOD: CodecFLAC::openInternal        : attempting to open as FLAC..
FMOD: Codec::release                 : 
FMOD: Plugin::release                : (09688EF0)
FMOD: Plugin::release                : done
FMOD: Codec::release                 : done
FMOD: CodecMOD::openInternal         : attempting to open as MOD..
FMOD: CodecMOD::openInternal         : 'M.K.' etc ID check failed [≥ì*G]
FMOD: Codec::release                 : 
FMOD: Plugin::release                : (09688EF0)
FMOD: Plugin::release                : done
FMOD: Codec::release                 : done
FMOD: CodecS3M::openInternal         : attempting to open as S3M..
FMOD: CodecS3M::openInternal         : 'SCRM' ID check failed [	†è]
FMOD: Codec::release                 : 
FMOD: Plugin::release                : (09688EF0)
FMOD: Plugin::release                : done
FMOD: Codec::release                 : done
FMOD: CodecXM::openInternal          : attempting to open as XM..
FMOD: CodecXM::openInternal          : 'Extended Module: ' ID check failed [ˇ˚∞@]
FMOD: Codec::release                 : 
FMOD: CodecXM::closeInternal         : 3585
FMOD: CodecXM::closeInternal         : done
FMOD: Plugin::release                : (09688EF0)
FMOD: Plugin::release                : done
FMOD: Codec::release                 : done
FMOD: CodecIT::openInternal          : attempting to open as IT..
FMOD: CodecIT::openInternal          : 'IMPM' etc ID check failed [ˇ˚∞@]
FMOD: Codec::release                 : 
FMOD: Plugin::release                : (0964E018)
FMOD: Plugin::release                : done
FMOD: Codec::release                 : done
FMOD: CodecMIDI::openInternal        : attempting to open as MIDI..
FMOD: CodecMIDI::openInternal        : 'HThd' ID check failed [ˇ˚∞@]
FMOD: Codec::release                 : 
FMOD: Plugin::release                : (0964E018)
FMOD: Plugin::release                : done
FMOD: Codec::release                 : done
FMOD: CodecDLS::openInternal         : attempting to open as DLS..
FMOD: Codec::release                 : 
FMOD: Plugin::release                : (09688EF0)
FMOD: Plugin::release                : done
FMOD: Codec::release                 : done
FMOD: CodecASF::openInternal         : attempting to open as ASF..
FMOD: Codec::release                 : 
FMOD: Plugin::release                : (09688EF0)
FMOD: Plugin::release                : done
FMOD: Codec::release                 : done
FMOD: CodecMPEG::openInternal        : attempting to open as MPEG..
FMOD: SystemI::createSoundInternal   : Format has 0 subsounds.
FMOD: SystemI::createSoundInternal   : Create as FMOD_CREATESTREAM
FMOD: System::createSoundInternal    : decode buffersize = 17280 : blocksize = 1152 : format = 2
FMOD: SystemI::createSample          : mode 000000c2 length 17280 samples, lengthbytes 4154890
FMOD: SystemI::createSample          : subsamples = 1, channels = 2
FMOD: SystemI::createSample          : subsample 0.  output = 02C7EE28
FMOD: SystemI::createSample          : mSoftware = 02C7EE28
FMOD: OutputSoftware::createSample   : lengthpcm 17280, lengthbytes 4154890, channels 2, format 2, freq 44100, mode 000000ca
FMOD: OutputSoftware::createSample   : done
FMOD: SystemI::createSample          : done
FMOD: System::createSoundInternal    : Seek stream to start
FMOD: System::createSoundInternal    : flush stream buffer
FMOD: System::createSoundInternal    : flush successful.
FMOD: System::createSoundInternal    : switch file handle from small blocking single buffered to large nonblocking doublebuffered.
FMOD: SystemI::createSoundInternal   : No name found in file, use filename.
FMOD: SystemI::createSoundInternal   : done.  OpenState now = FMOD_OPENSTATE_READY.

FMOD: SoundI::release                : Timshel (0968A3C0)
FMOD: SoundI::release                : remove stream samples. (0968A3C0)
FMOD: SoundI::release                :      (0968A550)
FMOD: SoundI::release                :     free this. (0968A550)
FMOD: SoundI::release                :     done (0968A550)
FMOD: SoundI::release                : release codec. (0968A3C0)
FMOD: Codec::release                 : 
FMOD: Codec::release                 : Close file (mFile = 0964D988)
FMOD: Plugin::release                : (09688EF0)
FMOD: Plugin::release                : done
FMOD: Codec::release                 : done
FMOD: SoundI::release                : free this. (0968A3C0)
FMOD: SoundI::release                : done (0968A3C0)
FMOD: SystemI::createSoundInternal   : filename = D:\MP3s\Ripped\Mumford & Sons\Babel\12 Not with Haste.mp3 : mode 000000a0
FMOD: SystemI::createSoundInternal   : 21 codecs found.  Scan all until one succeeds
FMOD: CodecTag::openInternal         : attempting to open ID3 or ASF tags..
FMOD: Codec::release                 : 
FMOD: Plugin::release                : (096021B0)
FMOD: Plugin::release                : done
FMOD: Codec::release                 : done
FMOD: CodecCDDA::openInternal        : attempting to open as CDDA..
FMOD: Codec::release                 : 
FMOD: Plugin::release                : (09688EF8)
FMOD: Plugin::release                : done
FMOD: Codec::release                 : done
FMOD: CodecFSB5::openInternal        : attempting to open as FSB5..
FMOD: CodecFSB5::headerReadCheck     : Header check failed. Not an FSB5
FMOD: Codec::release                 : 
FMOD: CodecFSB5::closeInternal       : 
FMOD: CodecFSB5::closeInternal       : done
FMOD: Plugin::release                : (09688EF8)
FMOD: Plugin::release                : done
FMOD: Codec::release                 : done
FMOD: CodecFSB::openInternal         : attempting to open as FSB..
FMOD: CodecFSB::openInternal         : Header check failed.  Not an FSB
FMOD: Codec::release                 : 
FMOD: CodecFSB::closeInternal        : 
FMOD: CodecFSB::closeInternal        : done
FMOD: Plugin::release                : (09688EF8)
FMOD: Plugin::release                : done
FMOD: Codec::release                 : done
FMOD: CodecVAG::openInternal         : attempting to open as VAG..
FMOD: CodecVAG::openInternal         : 'VAG' ID check failed [ˇ˚∞]
FMOD: Codec::release                 : 
FMOD: Plugin::release                : (09688EF8)
FMOD: Plugin::release                : done
FMOD: Codec::release                 : done
FMOD: CodecWav::openInternal         : attempting to open as WAV..
FMOD: Codec::release                 : 
FMOD: Plugin::release                : (09688EF8)
FMOD: Plugin::release                : done
FMOD: Codec::release                 : done
FMOD: CodecOggVorbis::openInternal   : attempting to open as OGG..
FMOD: CodecOggVorbis::openInternal   : failed to open as ogg
FMOD: Codec::release                 : 
FMOD: Plugin::release                : (09688EF8)
FMOD: Plugin::release                : done
FMOD: Codec::release                 : done
FMOD: CodecAIFF::openInternal        : attempting to open as AIFF..
FMOD: Codec::release                 : 
FMOD: Plugin::release                : (09688EF8)
FMOD: Plugin::release                : done
FMOD: Codec::release                 : done
FMOD: CodecFLAC::openInternal        : attempting to open as FLAC..
FMOD: Codec::release                 : 
FMOD: Plugin::release                : (09688EF8)
FMOD: Plugin::release                : done
FMOD: Codec::release                 : done
FMOD: CodecMOD::openInternal         : attempting to open as MOD..
FMOD: CodecMOD::openInternal         : 'M.K.' etc ID check failed [•àl]
FMOD: Codec::release                 : 
FMOD: Plugin::release                : (09688EF8)
FMOD: Plugin::release                : done
FMOD: Codec::release                 : done
FMOD: CodecS3M::openInternal         : attempting to open as S3M..
FMOD: CodecS3M::openInternal         : 'SCRM' ID check failed [$IŸ]
FMOD: Codec::release                 : 
FMOD: Plugin::release                : (09688EF8)
FMOD: Plugin::release                : done
FMOD: Codec::release                 : done
FMOD: CodecXM::openInternal          : attempting to open as XM..
FMOD: CodecXM::openInternal          : 'Extended Module: ' ID check failed [ˇ˚∞@]
FMOD: Codec::release                 : 
FMOD: CodecXM::closeInternal         : 3585
FMOD: CodecXM::closeInternal         : done
FMOD: Plugin::release                : (09688EF8)
FMOD: Plugin::release                : done
FMOD: Codec::release                 : done
FMOD: CodecIT::openInternal          : attempting to open as IT..
FMOD: CodecIT::openInternal          : 'IMPM' etc ID check failed [ˇ˚∞@]
FMOD: Codec::release                 : 
FMOD: Plugin::release                : (0964E018)
FMOD: Plugin::release                : done
FMOD: Codec::release                 : done
FMOD: CodecMIDI::openInternal        : attempting to open as MIDI..
FMOD: CodecMIDI::openInternal        : 'HThd' ID check failed [ˇ˚∞@]
FMOD: Codec::release                 : 
FMOD: Plugin::release                : (0964E018)
FMOD: Plugin::release                : done
FMOD: Codec::release                 : done
FMOD: CodecDLS::openInternal         : attempting to open as DLS..
FMOD: Codec::release                 : 
FMOD: Plugin::release                : (09688EF8)
FMOD: Plugin::release                : done
FMOD: Codec::release                 : done
FMOD: CodecASF::openInternal         : attempting to open as ASF..
FMOD: Codec::release                 : 
FMOD: Plugin::release                : (09688EF8)
FMOD: Plugin::release                : done
FMOD: Codec::release                 : done
FMOD: CodecMPEG::openInternal        : attempting to open as MPEG..
FMOD: SystemI::createSoundInternal   : Format has 0 subsounds.
FMOD: SystemI::createSoundInternal   : Create as FMOD_CREATESTREAM
FMOD: System::createSoundInternal    : decode buffersize = 17280 : blocksize = 1152 : format = 2
FMOD: SystemI::createSample          : mode 000000c2 length 17280 samples, lengthbytes 5968412
FMOD: SystemI::createSample          : subsamples = 1, channels = 2
FMOD: SystemI::createSample          : subsample 0.  output = 02C7EE28
FMOD: SystemI::createSample          : mSoftware = 02C7EE28
FMOD: OutputSoftware::createSample   : lengthpcm 17280, lengthbytes 5968412, channels 2, format 2, freq 44100, mode 000000ca
FMOD: OutputSoftware::createSample   : done
FMOD: SystemI::createSample          : done
FMOD: System::createSoundInternal    : Seek stream to start
FMOD: System::createSoundInternal    : flush stream buffer
FMOD: System::createSoundInternal    : flush successful.
FMOD: System::createSoundInternal    : switch file handle from small blocking single buffered to large nonblocking doublebuffered.
FMOD: SystemI::createSoundInternal   : No name found in file, use filename.
FMOD: SystemI::createSoundInternal   : done.  OpenState now = FMOD_OPENSTATE_READY.

